c:\users\oldma\source\repos\lbyarch_x86-to-c-interface-programming\gaytas_dotproduct\gaytas_d.eea6c327\x64\debug\vc143.pdb
c:\users\oldma\source\repos\lbyarch_x86-to-c-interface-programming\gaytas_dotproduct\gaytas_d.eea6c327\x64\debug\vc143.idb
c:\users\oldma\source\repos\lbyarch_x86-to-c-interface-programming\gaytas_dotproduct\gaytas_d.eea6c327\x64\debug\main.nativecodeanalysis.sarif
c:\users\oldma\source\repos\lbyarch_x86-to-c-interface-programming\gaytas_dotproduct\gaytas_d.eea6c327\x64\debug\main.nativecodeanalysis.xml
c:\users\oldma\source\repos\lbyarch_x86-to-c-interface-programming\gaytas_dotproduct\gaytas_d.eea6c327\x64\debug\main.obj
c:\users\oldma\source\repos\lbyarch_x86-to-c-interface-programming\gaytas_dotproduct\dotproduct.obj
c:\users\oldma\source\repos\lbyarch_x86-to-c-interface-programming\gaytas_dotproduct\x64\debug\gaytas_dotproduct.exe
c:\users\oldma\source\repos\lbyarch_x86-to-c-interface-programming\gaytas_dotproduct\x64\debug\gaytas_dotproduct.pdb
c:\users\oldma\source\repos\lbyarch_x86-to-c-interface-programming\gaytas_dotproduct\gaytas_d.eea6c327\x64\debug\gaytas_dotproduct.ilk
c:\users\oldma\source\repos\lbyarch_x86-to-c-interface-programming\gaytas_dotproduct\gaytas_d.eea6c327\x64\debug\vc.nativecodeanalysis.all.xml
c:\users\oldma\source\repos\lbyarch_x86-to-c-interface-programming\gaytas_dotproduct\gaytas_d.eea6c327\x64\debug\gaytas_d.eea6c327.tlog\cl.command.1.tlog
c:\users\oldma\source\repos\lbyarch_x86-to-c-interface-programming\gaytas_dotproduct\gaytas_d.eea6c327\x64\debug\gaytas_d.eea6c327.tlog\cl.items.tlog
c:\users\oldma\source\repos\lbyarch_x86-to-c-interface-programming\gaytas_dotproduct\gaytas_d.eea6c327\x64\debug\gaytas_d.eea6c327.tlog\cl.read.1.tlog
c:\users\oldma\source\repos\lbyarch_x86-to-c-interface-programming\gaytas_dotproduct\gaytas_d.eea6c327\x64\debug\gaytas_d.eea6c327.tlog\cl.write.1.tlog
c:\users\oldma\source\repos\lbyarch_x86-to-c-interface-programming\gaytas_dotproduct\gaytas_d.eea6c327\x64\debug\gaytas_d.eea6c327.tlog\custombuild.command.1.tlog
c:\users\oldma\source\repos\lbyarch_x86-to-c-interface-programming\gaytas_dotproduct\gaytas_d.eea6c327\x64\debug\gaytas_d.eea6c327.tlog\custombuild.read.1.tlog
c:\users\oldma\source\repos\lbyarch_x86-to-c-interface-programming\gaytas_dotproduct\gaytas_d.eea6c327\x64\debug\gaytas_d.eea6c327.tlog\custombuild.write.1.tlog
c:\users\oldma\source\repos\lbyarch_x86-to-c-interface-programming\gaytas_dotproduct\gaytas_d.eea6c327\x64\debug\gaytas_d.eea6c327.tlog\link.command.1.tlog
c:\users\oldma\source\repos\lbyarch_x86-to-c-interface-programming\gaytas_dotproduct\gaytas_d.eea6c327\x64\debug\gaytas_d.eea6c327.tlog\link.read.1.tlog
c:\users\oldma\source\repos\lbyarch_x86-to-c-interface-programming\gaytas_dotproduct\gaytas_d.eea6c327\x64\debug\gaytas_d.eea6c327.tlog\link.secondary.1.tlog
c:\users\oldma\source\repos\lbyarch_x86-to-c-interface-programming\gaytas_dotproduct\gaytas_d.eea6c327\x64\debug\gaytas_d.eea6c327.tlog\link.write.1.tlog
